Using pre-set license
Built from '2020.3/staging' branch; Version is '2020.3.19f1 (68f137dc9bbe) revision 6877495'; Using compiler version '192528614'; Build Type 'Release'
OS: 'Windows 10 Enterprise; OS build 19045.4780; Version 2009; 64bit' Language: 'en' Physical Memory: 65175 MB
BatchMode: 1, IsHumanControllingUs: 0, StartBugReporterOnCrash: 0, Is64bit: 1, IsPro: 0

COMMAND LINE ARGUMENTS:
C:\Program Files\Unity\Hub\Editor\2020.3.19f1\Editor\Unity.exe
-adb2
-batchMode
-noUpm
-name
AssetImportWorker0
-projectPath
C:/Users/millacol/Documents/GitHub/2D-Platformer/leveldesignplayground-unity
-logFile
Logs/AssetImportWorker0.log
-srvPort
56423
Successfully changed project path to: C:/Users/millacol/Documents/GitHub/2D-Platformer/leveldesignplayground-unity
C:/Users/millacol/Documents/GitHub/2D-Platformer/leveldesignplayground-unity
Using Asset Import Pipeline V2.
Refreshing native plugins compatible for Editor in 27.13 ms, found 0 plugins.
Preloading 0 native plugins for Editor in 0.00 ms.
Initialize engine version: 2020.3.19f1 (68f137dc9bbe)
[Subsystems] Discovering subsystems at path C:/Program Files/Unity/Hub/Editor/2020.3.19f1/Editor/Data/Resources/UnitySubsystems
[Subsystems] Discovering subsystems at path C:/Users/millacol/Documents/GitHub/2D-Platformer/leveldesignplayground-unity/Assets
GfxDevice: creating device client; threaded=0
Direct3D:
    Version:  Direct3D 11.0 [level 11.1]
    Renderer: NVIDIA GeForce RTX 4070 Ti SUPER (ID=0x2705)
    Vendor:   
    VRAM:     16063 MB
    Driver:   32.0.15.6081
Initialize mono
Mono path[0] = 'C:/Program Files/Unity/Hub/Editor/2020.3.19f1/Editor/Data/Managed'
Mono path[1] = 'C:/Program Files/Unity/Hub/Editor/2020.3.19f1/Editor/Data/MonoBleedingEdge/lib/mono/unityjit'
Mono config path = 'C:/Program Files/Unity/Hub/Editor/2020.3.19f1/Editor/Data/MonoBleedingEdge/etc'
Using monoOptions --debugger-agent=transport=dt_socket,embedding=1,server=y,suspend=n,address=127.0.0.1:56480
Begin MonoManager ReloadAssembly
Registering precompiled unity dll's ...
Register platform support module: C:/Program Files/Unity/Hub/Editor/2020.3.19f1/Editor/Data/PlaybackEngines/WindowsStandaloneSupport/UnityEditor.WindowsStandalone.Extensions.dll
Registered in 0.001717 seconds.
Native extension for WindowsStandalone target not found
Refreshing native plugins compatible for Editor in 27.43 ms, found 0 plugins.
Preloading 0 native plugins for Editor in 0.00 ms.
Mono: successfully reloaded assembly
- Completed reload, in  0.927 seconds
Domain Reload Profiling:
	ReloadAssembly (927ms)
		BeginReloadAssembly (43ms)
			ExecutionOrderSort (0ms)
			DisableScriptedObjects (0ms)
			BackupInstance (0ms)
			ReleaseScriptingObjects (0ms)
			CreateAndSetChildDomain (1ms)
		EndReloadAssembly (285ms)
			LoadAssemblies (41ms)
			RebuildTransferFunctionScriptingTraits (0ms)
			SetupTypeCache (100ms)
			ReleaseScriptCaches (0ms)
			RebuildScriptCaches (20ms)
			SetupLoadedEditorAssemblies (113ms)
				LogAssemblyErrors (0ms)
				InitializePlatformSupportModulesInManaged (3ms)
				SetLoadedEditorAssemblies (0ms)
				RefreshPlugins (28ms)
				BeforeProcessingInitializeOnLoad (7ms)
				ProcessInitializeOnLoadAttributes (55ms)
				ProcessInitializeOnLoadMethodAttributes (20ms)
				AfterProcessingInitializeOnLoad (0ms)
				EditorAssembliesLoaded (0ms)
			ExecutionOrderSort2 (0ms)
			AwakeInstancesAfterBackupRestoration (0ms)
Platform modules already initialized, skipping
Registering precompiled user dll's ...
Registered in 0.001303 seconds.
Begin MonoManager ReloadAssembly
Native extension for WindowsStandalone target not found
Refreshing native plugins compatible for Editor in 25.73 ms, found 0 plugins.
Preloading 0 native plugins for Editor in 0.00 ms.
Mono: successfully reloaded assembly
- Completed reload, in  0.646 seconds
Domain Reload Profiling:
	ReloadAssembly (647ms)
		BeginReloadAssembly (102ms)
			ExecutionOrderSort (0ms)
			DisableScriptedObjects (3ms)
			BackupInstance (0ms)
			ReleaseScriptingObjects (0ms)
			CreateAndSetChildDomain (15ms)
		EndReloadAssembly (499ms)
			LoadAssemblies (66ms)
			RebuildTransferFunctionScriptingTraits (0ms)
			SetupTypeCache (134ms)
			ReleaseScriptCaches (0ms)
			RebuildScriptCaches (29ms)
			SetupLoadedEditorAssemblies (197ms)
				LogAssemblyErrors (0ms)
				InitializePlatformSupportModulesInManaged (3ms)
				SetLoadedEditorAssemblies (0ms)
				RefreshPlugins (26ms)
				BeforeProcessingInitializeOnLoad (43ms)
				ProcessInitializeOnLoadAttributes (111ms)
				ProcessInitializeOnLoadMethodAttributes (7ms)
				AfterProcessingInitializeOnLoad (5ms)
				EditorAssembliesLoaded (0ms)
			ExecutionOrderSort2 (0ms)
			AwakeInstancesAfterBackupRestoration (4ms)
Platform modules already initialized, skipping
========================================================================
Worker process is ready to serve import requests
Launched and connected shader compiler UnityShaderCompiler.exe after 0.06 seconds
Refreshing native plugins compatible for Editor in 0.30 ms, found 0 plugins.
Preloading 0 native plugins for Editor in 0.00 ms.
Unloading 1475 Unused Serialized files (Serialized files now loaded: 0)
System memory in use before: 80.9 MB.
System memory in use after: 81.0 MB.

Unloading 15 unused Assets to reduce memory usage. Loaded Objects now: 1921.
Total: 2.226800 ms (FindLiveObjects: 0.125000 ms CreateObjectMapping: 0.023400 ms MarkObjects: 2.011500 ms  DeleteObjects: 0.065800 ms)

AssetImportParameters requested are different than current active one (requested -> active):
  custom:framework-win-MediaFoundation: 216162199b28c13a410421893ffa2e32 -> 
  custom:video-decoder-ogg-theora: a1e56fd34408186e4bbccfd4996cb3dc -> 
  custom:container-muxer-webm: aa71ff27fc2769a1b78a27578f13a17b -> 
  custom:container-demuxer-webm: 4f35f7cbe854078d1ac9338744f61a02 -> 
  custom:container-demuxer-ogg: 62fdf1f143b41e24485cea50d1cbac27 -> 
  custom:video-encoder-webm-vp8: eb34c28f22e8b96e1ab97ce403110664 -> 
  custom:video-decoder-webm-vp8: 9c59270c3fd7afecdb556c50c9e8de78 -> 
  custom:audio-decoder-ogg-vorbis: bf7c407c2cedff20999df2af8eb42d56 -> 
  custom:audio-encoder-webm-vorbis: bf7c407c2cedff20999df2af8eb42d56 -> 
========================================================================
Received Import Request.
  path: Assets/LDP/content/Fonts/kenney_fonts/Fonts/Kenney High.ttf
  artifactKey: Guid(4ec77d5657d87d74f8f8352dbed1a752) Importer(815301076,1909f56bfc062723c751e8b465ee728b)
Start importing Assets/LDP/content/Fonts/kenney_fonts/Fonts/Kenney High.ttf using Guid(4ec77d5657d87d74f8f8352dbed1a752) Importer(815301076,1909f56bfc062723c751e8b465ee728b)  -> (artifact id: 'd267b397f7db116327ba8b04e8a6d6f2') in 0.099244 seconds 
  Import took 0.101417 seconds .

========================================================================
Received Import Request.
  Time since last request: 0.000300 seconds.
  path: Assets/LDP/content/Tiles/terrain/Terrain (16x16)_4.asset
  artifactKey: Guid(aedc06c7f126f7642b5884c27f711d68) Importer(815301076,1909f56bfc062723c751e8b465ee728b)
Start importing Assets/LDP/content/Tiles/terrain/Terrain (16x16)_4.asset using Guid(aedc06c7f126f7642b5884c27f711d68) Importer(815301076,1909f56bfc062723c751e8b465ee728b)  -> (artifact id: '1d746250a9de08901764075913d5017c') in 0.025400 seconds 
  Import took 0.027662 seconds .

========================================================================
Received Import Request.
  Time since last request: 0.000288 seconds.
  path: Assets/LDP/readme-assets/input-system-actions.jpg
  artifactKey: Guid(fe1ac520b7f5d0a43a4ad2c72395f094) Importer(815301076,1909f56bfc062723c751e8b465ee728b)
Start importing Assets/LDP/readme-assets/input-system-actions.jpg using Guid(fe1ac520b7f5d0a43a4ad2c72395f094) Importer(815301076,1909f56bfc062723c751e8b465ee728b)  -> (artifact id: 'cef8e968ab41ff131425117a39d790fa') in 0.065980 seconds 
  Import took 0.068148 seconds .

========================================================================
Received Import Request.
  Time since last request: 0.000281 seconds.
  path: Assets/LDP/content/Fonts/Kenney Pixel SDF.asset
  artifactKey: Guid(2c2d043b242e6ca4f86529ec70777e86) Importer(815301076,1909f56bfc062723c751e8b465ee728b)
Start importing Assets/LDP/content/Fonts/Kenney Pixel SDF.asset using Guid(2c2d043b242e6ca4f86529ec70777e86) Importer(815301076,1909f56bfc062723c751e8b465ee728b)  -> (artifact id: 'daeb376d2b2c2a6f7314d529b22c8b7c') in 0.038930 seconds 
  Import took 0.041193 seconds .

========================================================================
Received Import Request.
  Time since last request: 0.000293 seconds.
  path: Assets/LDP/content/Textures/Pixel Adventure/Terrain/Terrain (16x16).png
  artifactKey: Guid(21b282ff43e795643b525d8409565623) Importer(815301076,1909f56bfc062723c751e8b465ee728b)
Start importing Assets/LDP/content/Textures/Pixel Adventure/Terrain/Terrain (16x16).png using Guid(21b282ff43e795643b525d8409565623) Importer(815301076,1909f56bfc062723c751e8b465ee728b)  -> (artifact id: '86f3bdae87c2be82bf7c205d50513e37') in 0.201988 seconds 
  Import took 0.204679 seconds .

========================================================================
Received Import Request.
  Time since last request: 0.000294 seconds.
  path: Assets/LDP/content/Audio/LEVEL COMPLETE.wav
  artifactKey: Guid(cae0250940b24784195e6b4ddc1c40c7) Importer(815301076,1909f56bfc062723c751e8b465ee728b)
Start importing Assets/LDP/content/Audio/LEVEL COMPLETE.wav using Guid(cae0250940b24784195e6b4ddc1c40c7) Importer(815301076,1909f56bfc062723c751e8b465ee728b)  -> (artifact id: 'dc26dfe67becf292c7bcf8312bf42bf1') in 0.032379 seconds 
  Import took 0.034514 seconds .

========================================================================
Received Import Request.
  Time since last request: 0.000280 seconds.
  path: Assets/LDP/content/Textures/Pixel Adventure/Items/Fruits/Collected.png
  artifactKey: Guid(4cac6c7d8f747a44f92fb7523e299bdc) Importer(815301076,1909f56bfc062723c751e8b465ee728b)
Start importing Assets/LDP/content/Textures/Pixel Adventure/Items/Fruits/Collected.png using Guid(4cac6c7d8f747a44f92fb7523e299bdc) Importer(815301076,1909f56bfc062723c751e8b465ee728b)  -> (artifact id: '85044de61404b3e500d35dc72d27c203') in 0.018212 seconds 
  Import took 0.020441 seconds .

========================================================================
Received Import Request.
  Time since last request: 0.000250 seconds.
  path: Assets/LDP/content/Fonts/kenney_fonts/Fonts/Kenney Rocket Square.ttf
  artifactKey: Guid(816d5949068b10e4bb1034d4486adb74) Importer(815301076,1909f56bfc062723c751e8b465ee728b)
Start importing Assets/LDP/content/Fonts/kenney_fonts/Fonts/Kenney Rocket Square.ttf using Guid(816d5949068b10e4bb1034d4486adb74) Importer(815301076,1909f56bfc062723c751e8b465ee728b)  -> (artifact id: '81505111bc5f1559f2c1620657e32a2b') in 0.011121 seconds 
  Import took 0.013368 seconds .

========================================================================
Received Import Request.
  Time since last request: 0.000233 seconds.
  path: Assets/LDP/content/Fonts/kenney_fonts/Fonts/Kenney Future Narrow.ttf
  artifactKey: Guid(60939f89e2b2258419a954df31af832c) Importer(815301076,1909f56bfc062723c751e8b465ee728b)
Start importing Assets/LDP/content/Fonts/kenney_fonts/Fonts/Kenney Future Narrow.ttf using Guid(60939f89e2b2258419a954df31af832c) Importer(815301076,1909f56bfc062723c751e8b465ee728b)  -> (artifact id: 'f30454fcd49e41fe2dc8689ffb58a729') in 0.011041 seconds 
  Import took 0.013116 seconds .

========================================================================
Received Import Request.
  Time since last request: 0.000263 seconds.
  path: Assets/LDP/content/Tiles/terrain/Terrain (16x16)_2.asset
  artifactKey: Guid(ae10abf871a27e74c9244fe7285d20ed) Importer(815301076,1909f56bfc062723c751e8b465ee728b)
Start importing Assets/LDP/content/Tiles/terrain/Terrain (16x16)_2.asset using Guid(ae10abf871a27e74c9244fe7285d20ed) Importer(815301076,1909f56bfc062723c751e8b465ee728b)  -> (artifact id: 'a06c72a62bc1460ffd78c920fa26d018') in 0.007479 seconds 
  Import took 0.009704 seconds .

========================================================================
Received Import Request.
  Time since last request: 0.000262 seconds.
  path: Assets/LDP/content/Fonts/Kenney Blocks SDF.asset
  artifactKey: Guid(111f5251a202bdf4696ad130ae328bc9) Importer(815301076,1909f56bfc062723c751e8b465ee728b)
Start importing Assets/LDP/content/Fonts/Kenney Blocks SDF.asset using Guid(111f5251a202bdf4696ad130ae328bc9) Importer(815301076,1909f56bfc062723c751e8b465ee728b)  -> (artifact id: 'f59d0564c30a402573a9ffc70f315bf6') in 0.022348 seconds 
  Import took 0.024587 seconds .

========================================================================
Received Import Request.
  Time since last request: 0.000251 seconds.
  path: Assets/LDP/content/Audio/AudioMixer.mixer
  artifactKey: Guid(f05f50e90c8559542958966db8faa489) Importer(815301076,1909f56bfc062723c751e8b465ee728b)
Start importing Assets/LDP/content/Audio/AudioMixer.mixer using Guid(f05f50e90c8559542958966db8faa489) Importer(815301076,1909f56bfc062723c751e8b465ee728b)  -> (artifact id: '6e025abf6d02269a063bece46b12c7cf') in 0.005981 seconds 
  Import took 0.007942 seconds .

========================================================================
Received Import Request.
  Time since last request: 0.000226 seconds.
  path: Assets/LDP/content/Fonts/kenney_fonts/Fonts/Kenney Blocks.ttf
  artifactKey: Guid(c27c0d04813806c42b843a6c69d40afe) Importer(815301076,1909f56bfc062723c751e8b465ee728b)
Start importing Assets/LDP/content/Fonts/kenney_fonts/Fonts/Kenney Blocks.ttf using Guid(c27c0d04813806c42b843a6c69d40afe) Importer(815301076,1909f56bfc062723c751e8b465ee728b)  -> (artifact id: '0068ae296fbc1ec79ebcbaaff8248afe') in 0.010935 seconds 
  Import took 0.013066 seconds .

========================================================================
Received Import Request.
  Time since last request: 0.000278 seconds.
  path: Assets/LDP/content/Tiles/terrain/Terrain (16x16)_1.asset
  artifactKey: Guid(661b11dd2c6e65943868476cc69ed7ae) Importer(815301076,1909f56bfc062723c751e8b465ee728b)
Start importing Assets/LDP/content/Tiles/terrain/Terrain (16x16)_1.asset using Guid(661b11dd2c6e65943868476cc69ed7ae) Importer(815301076,1909f56bfc062723c751e8b465ee728b)  -> (artifact id: '39d30d9943e8178213b74d9eee5674fd') in 0.008140 seconds 
  Import took 0.010156 seconds .

========================================================================
Received Import Request.
  Time since last request: 0.000294 seconds.
  path: Assets/LDP/content/Fonts/kenney_fonts/Fonts/Kenney High Square.ttf
  artifactKey: Guid(7ad1428979d4c584cbf2c426b4a257e4) Importer(815301076,1909f56bfc062723c751e8b465ee728b)
Start importing Assets/LDP/content/Fonts/kenney_fonts/Fonts/Kenney High Square.ttf using Guid(7ad1428979d4c584cbf2c426b4a257e4) Importer(815301076,1909f56bfc062723c751e8b465ee728b)  -> (artifact id: '3960cd6eeae0daee361902571d908546') in 0.011436 seconds 
  Import took 0.013604 seconds .

========================================================================
Received Import Request.
  Time since last request: 0.000265 seconds.
  path: Assets/LDP/content/Fonts/kenney_fonts/Fonts/Kenney Pixel Square.ttf
  artifactKey: Guid(629fe5399f4ec1846b8227c76602ccd5) Importer(815301076,1909f56bfc062723c751e8b465ee728b)
Start importing Assets/LDP/content/Fonts/kenney_fonts/Fonts/Kenney Pixel Square.ttf using Guid(629fe5399f4ec1846b8227c76602ccd5) Importer(815301076,1909f56bfc062723c751e8b465ee728b)  -> (artifact id: 'db7324b781f0d64fee7056aae67eeaa7') in 0.010226 seconds 
  Import took 0.012219 seconds .

========================================================================
Received Import Request.
  Time since last request: 0.000275 seconds.
  path: Assets/LDP/content/Fonts/kenney_fonts/Fonts/Kenney Future.ttf
  artifactKey: Guid(67faf2aa6749ac048b55caf1360cdfa6) Importer(815301076,1909f56bfc062723c751e8b465ee728b)
Start importing Assets/LDP/content/Fonts/kenney_fonts/Fonts/Kenney Future.ttf using Guid(67faf2aa6749ac048b55caf1360cdfa6) Importer(815301076,1909f56bfc062723c751e8b465ee728b)  -> (artifact id: '655ec377a3298545c8562981aead9ff1') in 0.011019 seconds 
  Import took 0.013142 seconds .

========================================================================
Received Import Request.
  Time since last request: 0.000250 seconds.
  path: Assets/TextMesh Pro/Resources/Fonts & Materials/LiberationSans SDF - Fallback.asset
  artifactKey: Guid(2e498d1c8094910479dc3e1b768306a4) Importer(815301076,1909f56bfc062723c751e8b465ee728b)
Start importing Assets/TextMesh Pro/Resources/Fonts & Materials/LiberationSans SDF - Fallback.asset using Guid(2e498d1c8094910479dc3e1b768306a4) Importer(815301076,1909f56bfc062723c751e8b465ee728b)  -> (artifact id: '407f1eb53915d7b2acdb8133b2ae4237') in 0.013397 seconds 
  Import took 0.015634 seconds .

========================================================================
Received Import Request.
  Time since last request: 0.000261 seconds.
  path: Assets/LDP/content/Fonts/kenney_fonts/Fonts/Kenney Mini.ttf
  artifactKey: Guid(36522782a0fc798469eba313db9890f7) Importer(815301076,1909f56bfc062723c751e8b465ee728b)
Start importing Assets/LDP/content/Fonts/kenney_fonts/Fonts/Kenney Mini.ttf using Guid(36522782a0fc798469eba313db9890f7) Importer(815301076,1909f56bfc062723c751e8b465ee728b)  -> (artifact id: '472129c73b17550ba86dc28b9c381d85') in 0.011349 seconds 
  Import took 0.013887 seconds .

========================================================================
Received Import Request.
  Time since last request: 0.000265 seconds.
  path: Assets/LDP/content/Tiles/main tile palette.prefab
  artifactKey: Guid(43fb66d70efffbe4c856eb88c3cdd772) Importer(815301076,1909f56bfc062723c751e8b465ee728b)
Start importing Assets/LDP/content/Tiles/main tile palette.prefab using Guid(43fb66d70efffbe4c856eb88c3cdd772) Importer(815301076,1909f56bfc062723c751e8b465ee728b)  -> (artifact id: '586ecb84ff95679c76b67f0394ad3d0f') in 0.068113 seconds 
  Import took 0.071510 seconds .

========================================================================
Received Import Request.
  Time since last request: 0.000287 seconds.
  path: Assets/TextMesh Pro/Fonts/LiberationSans.ttf
  artifactKey: Guid(e3265ab4bf004d28a9537516768c1c75) Importer(815301076,1909f56bfc062723c751e8b465ee728b)
Start importing Assets/TextMesh Pro/Fonts/LiberationSans.ttf using Guid(e3265ab4bf004d28a9537516768c1c75) Importer(815301076,1909f56bfc062723c751e8b465ee728b)  -> (artifact id: 'cec1587b7129bde4b287cc77833a66ca') in 0.010960 seconds 
  Import took 0.013144 seconds .

========================================================================
Received Import Request.
  Time since last request: 0.000312 seconds.
  path: Assets/LDP/content/Fonts/kenney_fonts/Fonts/Kenney Pixel.ttf
  artifactKey: Guid(11cb9c0e96e875a48b5b9c96c2e4882b) Importer(815301076,1909f56bfc062723c751e8b465ee728b)
Start importing Assets/LDP/content/Fonts/kenney_fonts/Fonts/Kenney Pixel.ttf using Guid(11cb9c0e96e875a48b5b9c96c2e4882b) Importer(815301076,1909f56bfc062723c751e8b465ee728b)  -> (artifact id: 'e211868d46cefe44efe4ed649ffe409e') in 0.011230 seconds 
  Import took 0.013442 seconds .

========================================================================
Received Import Request.
  Time since last request: 0.000260 seconds.
  path: Assets/LDP/content/Fonts/kenney_fonts/Fonts/Kenney Mini Square.ttf
  artifactKey: Guid(697b156eb3d97b54bb6cdef746cc0b9d) Importer(815301076,1909f56bfc062723c751e8b465ee728b)
Start importing Assets/LDP/content/Fonts/kenney_fonts/Fonts/Kenney Mini Square.ttf using Guid(697b156eb3d97b54bb6cdef746cc0b9d) Importer(815301076,1909f56bfc062723c751e8b465ee728b)  -> (artifact id: 'e7b7eb058dc659b211a13a3b157f5ede') in 0.010901 seconds 
  Import took 0.013151 seconds .

========================================================================
Received Import Request.
  Time since last request: 0.000313 seconds.
  path: Assets/LDP/content/Audio/FOOTSTEP.wav
  artifactKey: Guid(ac1dbf8e8fe265d4fbc0e8d4b4eb83a9) Importer(815301076,1909f56bfc062723c751e8b465ee728b)
Start importing Assets/LDP/content/Audio/FOOTSTEP.wav using Guid(ac1dbf8e8fe265d4fbc0e8d4b4eb83a9) Importer(815301076,1909f56bfc062723c751e8b465ee728b)  -> (artifact id: '7e1fb1e96d5c8486a57bce4de947ef09') in 0.008918 seconds 
  Import took 0.011026 seconds .

========================================================================
Received Import Request.
  Time since last request: 0.000225 seconds.
  path: Assets/LDP/content/Materials/pauseOuterBackgroud.mat
  artifactKey: Guid(2c78fdd5a47308247a5984f91e833cc0) Importer(815301076,1909f56bfc062723c751e8b465ee728b)
Start importing Assets/LDP/content/Materials/pauseOuterBackgroud.mat using Guid(2c78fdd5a47308247a5984f91e833cc0) Importer(815301076,1909f56bfc062723c751e8b465ee728b)  -> (artifact id: '8c8cdb5c8b754111464f300d13b68274') in 0.015311 seconds 
  Import took 0.017472 seconds .

========================================================================
Received Import Request.
  Time since last request: 0.000298 seconds.
  path: Assets/TextMesh Pro/Resources/Fonts & Materials/LiberationSans SDF.asset
  artifactKey: Guid(8f586378b4e144a9851e7b34d9b748ee) Importer(815301076,1909f56bfc062723c751e8b465ee728b)
Start importing Assets/TextMesh Pro/Resources/Fonts & Materials/LiberationSans SDF.asset using Guid(8f586378b4e144a9851e7b34d9b748ee) Importer(815301076,1909f56bfc062723c751e8b465ee728b)  -> (artifact id: 'f8b7c8c3e3c9a45adbdca63c88707d17') in 0.026565 seconds 
  Import took 0.028839 seconds .

========================================================================
Received Import Request.
  Time since last request: 0.000279 seconds.
  path: Assets/LDP/content/Params/InputSystem.actions.inputactions
  artifactKey: Guid(79a7776256f85b249909bd5234eb2b81) Importer(815301076,1909f56bfc062723c751e8b465ee728b)
Start importing Assets/LDP/content/Params/InputSystem.actions.inputactions using Guid(79a7776256f85b249909bd5234eb2b81) Importer(815301076,1909f56bfc062723c751e8b465ee728b)  -> (artifact id: 'd5a3f6d1255b22d227c9c0a862230eed') in 0.009849 seconds 
  Import took 0.012016 seconds .

========================================================================
Received Import Request.
  Time since last request: 0.000259 seconds.
  path: Assets/LDP/content/Params/InputSystem.inputsettings.asset
  artifactKey: Guid(3b7a3995f6b70124d97615871329bb38) Importer(815301076,1909f56bfc062723c751e8b465ee728b)
Start importing Assets/LDP/content/Params/InputSystem.inputsettings.asset using Guid(3b7a3995f6b70124d97615871329bb38) Importer(815301076,1909f56bfc062723c751e8b465ee728b)  -> (artifact id: 'af00f9816e6097300424e5bb69ae8796') in 0.003548 seconds 
  Import took 0.005613 seconds .

========================================================================
Received Import Request.
  Time since last request: 0.000202 seconds.
  path: Assets/LDP/content/Audio/FOOTSTEP PLATFORM.wav
  artifactKey: Guid(13e147946bd6ed24c9f5c4fcfc5f3cdd) Importer(815301076,1909f56bfc062723c751e8b465ee728b)
Start importing Assets/LDP/content/Audio/FOOTSTEP PLATFORM.wav using Guid(13e147946bd6ed24c9f5c4fcfc5f3cdd) Importer(815301076,1909f56bfc062723c751e8b465ee728b)  -> (artifact id: '7587c8550ff9bc9939b0d947fa5e4608') in 0.008958 seconds 
  Import took 0.010874 seconds .

========================================================================
Received Import Request.
  Time since last request: 0.000264 seconds.
  path: Assets/LDP/content/Tiles/terrain/Terrain (16x16)_3.asset
  artifactKey: Guid(774dd9dafedbad84daaa061ad019d44a) Importer(815301076,1909f56bfc062723c751e8b465ee728b)
Start importing Assets/LDP/content/Tiles/terrain/Terrain (16x16)_3.asset using Guid(774dd9dafedbad84daaa061ad019d44a) Importer(815301076,1909f56bfc062723c751e8b465ee728b)  -> (artifact id: '88202568e6e5affae7f2a64ac2693aa4') in 0.008136 seconds 
  Import took 0.010218 seconds .

========================================================================
Received Import Request.
  Time since last request: 0.000257 seconds.
  path: Assets/LDP/content/Physics Mats/physMat_character.physicsMaterial2D
  artifactKey: Guid(c0ed77d03d2c93b40b8c3418ba045095) Importer(815301076,1909f56bfc062723c751e8b465ee728b)
Start importing Assets/LDP/content/Physics Mats/physMat_character.physicsMaterial2D using Guid(c0ed77d03d2c93b40b8c3418ba045095) Importer(815301076,1909f56bfc062723c751e8b465ee728b)  -> (artifact id: '2f66cde4cf448ccad6ff6f7993315db1') in 0.005535 seconds 
  Import took 0.007556 seconds .

========================================================================
Received Import Request.
  Time since last request: 0.000235 seconds.
  path: Assets/LDP/content/Tiles/terrain/Terrain (16x16)_0.asset
  artifactKey: Guid(728253456e5b011419af3133ca91a0a3) Importer(815301076,1909f56bfc062723c751e8b465ee728b)
Start importing Assets/LDP/content/Tiles/terrain/Terrain (16x16)_0.asset using Guid(728253456e5b011419af3133ca91a0a3) Importer(815301076,1909f56bfc062723c751e8b465ee728b)  -> (artifact id: '8c9f606fa179d99e4d723dcc0f5447b0') in 0.008048 seconds 
  Import took 0.010170 seconds .

========================================================================
Received Import Request.
  Time since last request: 0.000259 seconds.
  path: Assets/LDP/content/Fonts/kenney_fonts/Fonts/Kenney Rocket.ttf
  artifactKey: Guid(006e71ad74cfe074790c777660be2017) Importer(815301076,1909f56bfc062723c751e8b465ee728b)
Start importing Assets/LDP/content/Fonts/kenney_fonts/Fonts/Kenney Rocket.ttf using Guid(006e71ad74cfe074790c777660be2017) Importer(815301076,1909f56bfc062723c751e8b465ee728b)  -> (artifact id: 'a62a5abcefe23d4e1ac62c441d52f195') in 0.011065 seconds 
  Import took 0.013203 seconds .

AssetImportWorkerClient::OnTransportError - code=2 error=End of file
